<?xml version="1.0" encoding="UTF-8"?>
<testng-results ignored="0" total="2" passed="2" failed="0" skipped="0">
  <reporter-output>
  </reporter-output>
  <suite started-at="2023-10-08T14:02:35Z" name="Simple HTML-XML Suite" finished-at="2023-10-08T14:03:05Z" duration-ms="29785">
    <groups>
    </groups>
    <test started-at="2023-10-08T14:02:35Z" name="Simple HTML-XML test" finished-at="2023-10-08T14:03:05Z" duration-ms="29785">
      <class name="com.tests.FlipkartTests">
        <test-method is-config="true" signature="setup()[pri:0, instance:com.tests.FlipkartTests@2f112965]" started-at="2023-10-08T14:02:31Z" name="setup" finished-at="2023-10-08T14:02:35Z" duration-ms="4099" status="PASS">
          <reporter-output>
          </reporter-output>
        </test-method> <!-- setup -->
        <test-method signature="searchIphone()[pri:0, instance:com.tests.FlipkartTests@2f112965]" started-at="2023-10-08T14:02:35Z" name="searchIphone" finished-at="2023-10-08T14:03:00Z" duration-ms="24384" status="PASS">
          <reporter-output>
          </reporter-output>
        </test-method> <!-- searchIphone -->
        <test-method signature="verifyFirstResult()[pri:0, instance:com.tests.FlipkartTests@2f112965]" started-at="2023-10-08T14:03:00Z" name="verifyFirstResult" finished-at="2023-10-08T14:03:05Z" duration-ms="5386" status="PASS">
          <reporter-output>
          </reporter-output>
        </test-method> <!-- verifyFirstResult -->
        <test-method is-config="true" signature="cleanup()[pri:0, instance:com.tests.FlipkartTests@2f112965]" started-at="2023-10-08T14:03:05Z" name="cleanup" finished-at="2023-10-08T14:03:06Z" duration-ms="587" status="PASS">
          <reporter-output>
          </reporter-output>
        </test-method> <!-- cleanup -->
      </class> <!-- com.tests.FlipkartTests -->
    </test> <!-- Simple HTML-XML test -->
  </suite> <!-- Simple HTML-XML Suite -->
</testng-results>
